
> privacyhub@0.1.0 build
> next build --turbopack

   ▲ Next.js 15.5.2 (Turbopack)
   - Environments: .env.local
   - Experiments (use with caution):
     · optimizePackageImports

   Creating an optimized production build ...
 ✓ Finished writing to disk in 89ms
 ✓ Compiled successfully in 3.6s
   Linting and checking validity of types ...

Failed to compile.

./src/app/[domain]/not-found.tsx
14:20  Error: `'` can be escaped with `&apos;`, `&lsquo;`, `&#39;`, `&rsquo;`.  react/no-unescaped-entities

./src/app/page.tsx
168:19  Error: Do not use an `<a>` element to navigate to `/digital-fingerprint/`. Use `<Link />` from `next/link` instead. See: https://nextjs.org/docs/messages/no-html-link-for-pages  @next/next/no-html-link-for-pages
183:19  Error: Do not use an `<a>` element to navigate to `/methodology/`. Use `<Link />` from `next/link` instead. See: https://nextjs.org/docs/messages/no-html-link-for-pages  @next/next/no-html-link-for-pages
198:19  Error: Do not use an `<a>` element to navigate to `/support/`. Use `<Link />` from `next/link` instead. See: https://nextjs.org/docs/messages/no-html-link-for-pages  @next/next/no-html-link-for-pages

./src/components/AnalysisDetailView.tsx
9:10  Warning: 'Progress' is defined but never used.  @typescript-eslint/no-unused-vars

./src/components/AnalysisHistoryCards.tsx
12:10  Warning: 'Shield' is defined but never used.  @typescript-eslint/no-unused-vars

./src/lib/input-validation.ts
81:12  Warning: 'error' is defined but never used.  @typescript-eslint/no-unused-vars

./src/lib/logo-service.ts
21:9  Warning: 'clearbitLogo' is assigned a value but never used.  @typescript-eslint/no-unused-vars
24:9  Warning: 'directFavicon' is assigned a value but never used.  @typescript-eslint/no-unused-vars

./src/middleware.ts
4:28  Warning: 'request' is defined but never used.  @typescript-eslint/no-unused-vars

info  - Need to disable some ESLint rules? Learn more here: https://nextjs.org/docs/app/api-reference/config/eslint#disabling-rules
